<?xml version="1.0" encoding="UTF-8"?>

<bean id="dataSource"
 class="org.springframework.jdbc.datasource.SimpleDriverDataSource">
	<property name="driverClass" value="com.mysql.jdbc.Driver"/>
	<property name="url" value="jdbc:mysql://localhost/textdb"/>
	<property name="username" value="spring"/>
	<property name="password" value="book"/>
</bean>
